# JRE version: Java(TM) SE Runtime Environment (12.0.1+12) (build 12.0.1+12)
# Java VM: Java HotSpot(TM) 64-Bit Server VM (12.0.1+12, mixed mode, sharing, tiered, compressed oops, g1 gc, windows-amd64)
Heap:
 garbage-first heap   total 368640K, used 181053K [0x00000000c0000000, 0x0000000100000000)
  region size 1024K, 71 young (72704K), 1 survivors (1024K)
 Metaspace       used 74520K, capacity 77627K, committed 77744K, reserved 1120256K
  class space    used 6718K, capacity 7913K, committed 7936K, reserved 1048576K
GC Heap History (10 events):
Event: 48784.704 GC heap before
{Heap before GC invocations=1118 (full 0):
 garbage-first heap   total 372736K, used 321759K [0x00000000c0000000, 0x0000000100000000)
  region size 1024K, 211 young (216064K), 2 survivors (2048K)
 Metaspace       used 74475K, capacity 77539K, committed 77744K, reserved 1120256K
  class space    used 6716K, capacity 7909K, committed 7936K, reserved 1048576K
}
Event: 48784.708 GC heap after
{Heap after GC invocations=1119 (full 0):
 garbage-first heap   total 372736K, used 108909K [0x00000000c0000000, 0x0000000100000000)
  region size 1024K, 3 young (3072K), 3 survivors (3072K)
 Metaspace       used 74475K, capacity 77539K, committed 77744K, reserved 1120256K
  class space    used 6716K, capacity 7909K, committed 7936K, reserved 1048576K
}
Event: 48785.388 GC heap before
{Heap before GC invocations=1119 (full 0):
 garbage-first heap   total 372736K, used 123245K [0x00000000c0000000, 0x0000000100000000)
  region size 1024K, 18 young (18432K), 3 survivors (3072K)
 Metaspace       used 74475K, capacity 77539K, committed 77744K, reserved 1120256K
  class space    used 6716K, capacity 7909K, committed 7936K, reserved 1048576K
}
Event: 48785.392 GC heap after
{Heap after GC invocations=1120 (full 0):
 garbage-first heap   total 372736K, used 108198K [0x00000000c0000000, 0x0000000100000000)
  region size 1024K, 2 young (2048K), 2 survivors (2048K)
 Metaspace       used 74475K, capacity 77539K, committed 77744K, reserved 1120256K
  class space    used 6716K, capacity 7909K, committed 7936K, reserved 1048576K
}
Event: 48818.519 GC heap before
{Heap before GC invocations=1120 (full 0):
 garbage-first heap   total 372736K, used 321190K [0x00000000c0000000, 0x0000000100000000)
  region size 1024K, 211 young (216064K), 2 survivors (2048K)
 Metaspace       used 74495K, capacity 77563K, committed 77744K, reserved 1120256K
  class space    used 6718K, capacity 7913K, committed 7936K, reserved 1048576K
}
Event: 48818.524 GC heap after
{Heap after GC invocations=1121 (full 0):
 garbage-first heap   total 372736K, used 107602K [0x00000000c0000000, 0x0000000100000000)
  region size 1024K, 1 young (1024K), 1 survivors (1024K)
 Metaspace       used 74495K, capacity 77563K, committed 77744K, reserved 1120256K
  class space    used 6718K, capacity 7913K, committed 7936K, reserved 1048576K
}
Event: 48828.267 GC heap before
{Heap before GC invocations=1122 (full 0):
 garbage-first heap   total 368640K, used 330834K [0x00000000c0000000, 0x0000000100000000)
  region size 1024K, 214 young (219136K), 1 survivors (1024K)
 Metaspace       used 74504K, capacity 77563K, committed 77744K, reserved 1120256K
  class space    used 6718K, capacity 7913K, committed 7936K, reserved 1048576K
}
Event: 48828.273 GC heap after
{Heap after GC invocations=1123 (full 0):
 garbage-first heap   total 368640K, used 111412K [0x00000000c0000000, 0x0000000100000000)
  region size 1024K, 5 young (5120K), 5 survivors (5120K)
 Metaspace       used 74504K, capacity 77563K, committed 77744K, reserved 1120256K
  class space    used 6718K, capacity 7913K, committed 7936K, reserved 1048576K
}
Event: 48829.302 GC heap before
{Heap before GC invocations=1123 (full 0):
 garbage-first heap   total 368640K, used 123700K [0x00000000c0000000, 0x0000000100000000)
  region size 1024K, 18 young (18432K), 5 survivors (5120K)
 Metaspace       used 74520K, capacity 77627K, committed 77744K, reserved 1120256K
  class space    used 6718K, capacity 7913K, committed 7936K, reserved 1048576K
}
Event: 48829.309 GC heap after
{Heap after GC invocations=1124 (full 0):
 garbage-first heap   total 368640K, used 110397K [0x00000000c0000000, 0x0000000100000000)
  region size 1024K, 1 young (1024K), 1 survivors (1024K)
 Metaspace       used 74520K, capacity 77627K, committed 77744K, reserved 1120256K
  class space    used 6718K, capacity 7913K, committed 7936K, reserved 1048576K
}

